=== AVIF Conversion Status Thu May 14 08:38:36 PDT 2026 ===
Total WebP files: 6761
Existing AVIF files: 894
Remaining to convert: 5867

[50/5867] .50 files/sec - Converted: guilloche-0565.webp
[100/5867] .47 files/sec - Converted: guilloche-0728.webp
=== Checkpoint: 100 files converted ===
[150/5867] .45 files/sec - Converted: guilloche-0900.webp
[200/5867] .41 files/sec - Converted: halftone-0025.webp
=== Checkpoint: 200 files converted ===
[250/5867] .30 files/sec - Converted: halftone-0278.webp
[300/5867] .25 files/sec - Converted: halftone-0475.webp
=== Checkpoint: 300 files converted ===
[350/5867] .23 files/sec - Converted: halftone-0696.webp
[400/5867] .22 files/sec - Converted: halftone-0903.webp
=== Checkpoint: 400 files converted ===
[450/5867] .21 files/sec - Converted: halftone-1289.webp
[500/5867] .21 files/sec - Converted: halftone-1801.webp
=== Checkpoint: 500 files converted ===
[550/5867] .20 files/sec - Converted: halftone-2276.webp
[600/5867] .20 files/sec - Converted: halftone-2907.webp
=== Checkpoint: 600 files converted ===
[650/5867] .20 files/sec - Converted: halftone-3426.webp
[700/5867] .20 files/sec - Converted: halftone-3966.webp
=== Checkpoint: 700 files converted ===
[750/5867] .20 files/sec - Converted: halftone-4440.webp
[800/5867] .19 files/sec - Converted: hatchcolor-0018.webp
=== Checkpoint: 800 files converted ===
[850/5867] .20 files/sec - Converted: hatchcolor-0184.webp
[900/5867] .21 files/sec - Converted: hatchcolor-0415.webp
=== Checkpoint: 900 files converted ===
[950/5867] .21 files/sec - Converted: hatchcolor-0618.webp
[1000/5867] .21 files/sec - Converted: hatchcolor-0739.webp
=== Checkpoint: 1000 files converted ===
[1050/5867] .22 files/sec - Converted: hatchcolor-0891.webp
[1100/5867] .22 files/sec - Converted: hatching-0086.webp
=== Checkpoint: 1100 files converted ===
[1150/5867] .23 files/sec - Converted: hatching-0206.webp
[1200/5867] .23 files/sec - Converted: hatching-0331.webp
=== Checkpoint: 1200 files converted ===
[1250/5867] .24 files/sec - Converted: hatching-0438.webp
[1300/5867] .24 files/sec - Converted: hatching-0597.webp
=== Checkpoint: 1300 files converted ===
[1350/5867] .25 files/sec - Converted: hatching-0728.webp
[1400/5867] .25 files/sec - Converted: hatching-0867.webp
=== Checkpoint: 1400 files converted ===
[1450/5867] .26 files/sec - Converted: hatching-0976.webp
[1500/5867] .26 files/sec - Converted: heerich-0254.webp
=== Checkpoint: 1500 files converted ===
[1550/5867] .27 files/sec - Converted: heerich-0520.webp
[1600/5867] .27 files/sec - Converted: heerich-0857.webp
=== Checkpoint: 1600 files converted ===
[1650/5867] .28 files/sec - Converted: lewitt-0029.webp
[1700/5867] .28 files/sec - Converted: lewitt-0185.webp
=== Checkpoint: 1700 files converted ===
[1750/5867] .28 files/sec - Converted: lewitt-0355.webp
[1800/5867] .28 files/sec - Converted: lewitt-0496.webp
=== Checkpoint: 1800 files converted ===
[1850/5867] .28 files/sec - Converted: lewitt-0608.webp
[1900/5867] .29 files/sec - Converted: lewitt-0753.webp
=== Checkpoint: 1900 files converted ===
[1950/5867] .29 files/sec - Converted: lewitt-0890.webp
[2000/5867] .29 files/sec - Converted: lsystem-0043.webp
=== Checkpoint: 2000 files converted ===
[2050/5867] .29 files/sec - Converted: lsystem-0287.webp
[2100/5867] .30 files/sec - Converted: lsystem-0503.webp
=== Checkpoint: 2100 files converted ===
[2150/5867] .30 files/sec - Converted: lsystem-0704.webp
[2200/5867] .31 files/sec - Converted: lsystem-0959.webp
=== Checkpoint: 2200 files converted ===
[2250/5867] .31 files/sec - Converted: moire-0067.webp
[2300/5867] .32 files/sec - Converted: moire-0152.webp
=== Checkpoint: 2300 files converted ===
[2350/5867] .32 files/sec - Converted: moire-0253.webp
[2400/5867] .32 files/sec - Converted: moire-0360.webp
=== Checkpoint: 2400 files converted ===
[2450/5867] .32 files/sec - Converted: moire-0459.webp
[2500/5867] .33 files/sec - Converted: moire-0560.webp
=== Checkpoint: 2500 files converted ===
[2550/5867] .32 files/sec - Converted: moire-0659.webp
[2600/5867] .31 files/sec - Converted: moire-0770.webp
=== Checkpoint: 2600 files converted ===
[2650/5867] .28 files/sec - Converted: moire-0872.webp
[2700/5867] .28 files/sec - Converted: moire-0968.webp
=== Checkpoint: 2700 files converted ===
[2750/5867] .28 files/sec - Converted: moire-1338.webp
[2800/5867] .29 files/sec - Converted: moire-1957.webp
=== Checkpoint: 2800 files converted ===
[2850/5867] .29 files/sec - Converted: moire-2558.webp
[2900/5867] .29 files/sec - Converted: moire-3017.webp
=== Checkpoint: 2900 files converted ===
[2950/5867] .29 files/sec - Converted: moire-3598.webp
[3000/5867] .30 files/sec - Converted: moire-4173.webp
=== Checkpoint: 3000 files converted ===
[3050/5867] .30 files/sec - Converted: moire-4713.webp
[3100/5867] .30 files/sec - Converted: molnar-0095.webp
=== Checkpoint: 3100 files converted ===
[3150/5867] .30 files/sec - Converted: molnar-0252.webp
[3200/5867] .30 files/sec - Converted: molnar-0443.webp
=== Checkpoint: 3200 files converted ===
[3250/5867] .30 files/sec - Converted: molnar-0616.webp
[3300/5867] .31 files/sec - Converted: molnar-0755.webp
=== Checkpoint: 3300 files converted ===
[3350/5867] .31 files/sec - Converted: molnar-0926.webp
[3400/5867] .31 files/sec - Converted: opart-0082.webp
=== Checkpoint: 3400 files converted ===
[3450/5867] .31 files/sec - Converted: opart-0242.webp
[3500/5867] .31 files/sec - Converted: opart-0407.webp
=== Checkpoint: 3500 files converted ===
[3550/5867] .31 files/sec - Converted: opart-0547.webp
[3600/5867] .30 files/sec - Converted: opart-0718.webp
=== Checkpoint: 3600 files converted ===
[3650/5867] .29 files/sec - Converted: opart-0857.webp
[3700/5867] .29 files/sec - Converted: opart-0993.webp
=== Checkpoint: 3700 files converted ===
[3750/5867] .29 files/sec - Converted: optic-223.webp
[3800/5867] .29 files/sec - Converted: pointillism-0580.webp
=== Checkpoint: 3800 files converted ===
[3850/5867] .29 files/sec - Converted: rayscape-0137.webp
[3900/5867] .28 files/sec - Converted: rayscape-0395.webp
=== Checkpoint: 3900 files converted ===
[3950/5867] .28 files/sec - Converted: rayscape-0652.webp
[4000/5867] .28 files/sec - Converted: rayscape-0950.webp
=== Checkpoint: 4000 files converted ===
[4050/5867] .28 files/sec - Converted: ridgeline-0214.webp
[4100/5867] .29 files/sec - Converted: ridgeline-0421.webp
=== Checkpoint: 4100 files converted ===
[4150/5867] .29 files/sec - Converted: ridgeline-0682.webp
[4200/5867] .29 files/sec - Converted: ridgeline-0897.webp
=== Checkpoint: 4200 files converted ===
[4250/5867] .29 files/sec - Converted: riso-0075.webp
[4300/5867] .28 files/sec - Converted: riso-0240.webp
=== Checkpoint: 4300 files converted ===
[4350/5867] .27 files/sec - Converted: riso-0406.webp
[4400/5867] .25 files/sec - Converted: riso-0569.webp
=== Checkpoint: 4400 files converted ===
[4450/5867] .25 files/sec - Converted: riso-0748.webp
[4500/5867] .25 files/sec - Converted: riso-0906.webp
=== Checkpoint: 4500 files converted ===
[4550/5867] .25 files/sec - Converted: science-0062.webp
[4600/5867] .25 files/sec - Converted: science-0238.webp
=== Checkpoint: 4600 files converted ===
[4650/5867] .25 files/sec - Converted: science-0409.webp
[4700/5867] .25 files/sec - Converted: science-0560.webp
=== Checkpoint: 4700 files converted ===
[4750/5867] .25 files/sec - Converted: science-0732.webp
[4800/5867] .25 files/sec - Converted: science-0884.webp
=== Checkpoint: 4800 files converted ===
[4850/5867] .25 files/sec - Converted: squiggle-0023.webp
[4900/5867] .25 files/sec - Converted: squiggle-0172.webp
=== Checkpoint: 4900 files converted ===
[4950/5867] .25 files/sec - Converted: squiggle-0320.webp
[5000/5867] .24 files/sec - Converted: squiggle-0492.webp
=== Checkpoint: 5000 files converted ===
[5050/5867] .23 files/sec - Converted: squiggle-0612.webp
[5100/5867] .22 files/sec - Converted: squiggle-0761.webp
=== Checkpoint: 5100 files converted ===
[5150/5867] .21 files/sec - Converted: squiggle-0915.webp
[5200/5867] .21 files/sec - Converted: stipple-0194.webp
=== Checkpoint: 5200 files converted ===
[5250/5867] .21 files/sec - Converted: stipple-1006.webp
[5300/5867] .21 files/sec - Converted: stipple-1771.webp
=== Checkpoint: 5300 files converted ===
[5350/5867] .21 files/sec - Converted: subdivide-0341.webp
[5400/5867] .22 files/sec - Converted: subdivide-0843.webp
=== Checkpoint: 5400 files converted ===
[5450/5867] .22 files/sec - Converted: topo-0092.webp
[5500/5867] .22 files/sec - Converted: topo-0259.webp
=== Checkpoint: 5500 files converted ===
[5550/5867] .21 files/sec - Converted: topo-0431.webp
[5600/5867] .21 files/sec - Converted: topo-0569.webp
=== Checkpoint: 5600 files converted ===
[5650/5867] .21 files/sec - Converted: topo-0735.webp
[5700/5867] .21 files/sec - Converted: topo-0874.webp
=== Checkpoint: 5700 files converted ===
[5750/5867] .21 files/sec - Converted: watercolor-0224.webp
[5800/5867] .21 files/sec - Converted: wireframe-0353.webp
=== Checkpoint: 5800 files converted ===
[5850/5867] .21 files/sec - Converted: wireframe-0831.webp

=== Conversion Complete Thu May 14 16:10:11 PDT 2026 ===
Duration: 27094s
Converted: 5868
Errors: 0
Total AVIF files now: 6762

Size stats:
Directory total: 1.2G

Sample size comparison (first 5 files):
